
[April5.md](April5) 


[Aug162022.md](Aug162022) "monai + docs"


[Aug302022.md](Aug302022) "Evaluation Catastrophe"


[Feb012022.md](Feb012022) 


[Feb152022.md](Feb152022) "Early Atlas work"


[Feb222022.md](Feb222022) 


[Jan102022.md](Jan102022) 


[Jan182022.md](Jan182022) 


[Jan252022.md](Jan252022) 


[Jul182022.md](Jul182022) "New atlas approach: fixed network + optimize atlas + results"


[Jul262022.md](Jul262022) "apply atlas to dxa alone"


[Jun212022.md](Jun212022) "Flagship lung results Augmentation + LNCC + mask"


[Jun282022.md](Jun282022) "Lung results with rounding to integers"


[Jun72022.md](Jun72022) 


[Mar012022.md](Mar012022) = "GradICON first knee results"


[Mar082022.md](Mar082022) 


[Mar222022.md](Mar222022) "Early lung results and GradICON knee release"


[Mar292022.md](Mar292022) 


[May172022.md](May172022) 


[todo.md](todo) 

